# JRE version: Java(TM) SE Runtime Environment (8.0_141-b15) (build 1.8.0_141-b15)
# Java VM: Java HotSpot(TM) 64-Bit Server VM (25.141-b15 mixed mode windows-amd64 compressed oops)
Heap:
 PSYoungGen      total 22016K, used 4363K [0x00000000ebd00000, 0x00000000ed880000, 0x0000000100000000)
  eden space 15872K, 27% used [0x00000000ebd00000,0x00000000ec142f58,0x00000000ecc80000)
  from space 6144K, 0% used [0x00000000ed280000,0x00000000ed280000,0x00000000ed880000)
  to   space 2560K, 0% used [0x00000000ecc80000,0x00000000ecc80000,0x00000000ecf00000)
 ParOldGen       total 31744K, used 8048K [0x00000000c3600000, 0x00000000c5500000, 0x00000000ebd00000)
  object space 31744K, 25% used [0x00000000c3600000,0x00000000c3ddc3e0,0x00000000c5500000)
 Metaspace       used 20698K, capacity 21638K, committed 21888K, reserved 1069056K
  class space    used 2607K, capacity 2847K, committed 2944K, reserved 1048576K
GC Heap History (10 events):
Event: 12.560 GC heap before
{Heap before GC invocations=3 (full 0):
 PSYoungGen      total 18432K, used 18430K [0x00000000ebd00000, 0x00000000ed180000, 0x0000000100000000)
  eden space 15872K, 100% used [0x00000000ebd00000,0x00000000ecc80000,0x00000000ecc80000)
  from space 2560K, 99% used [0x00000000ecf00000,0x00000000ed17fa18,0x00000000ed180000)
  to   space 2560K, 0% used [0x00000000ecc80000,0x00000000ecc80000,0x00000000ecf00000)
 ParOldGen       total 42496K, used 3379K [0x00000000c3600000, 0x00000000c5f80000, 0x00000000ebd00000)
  object space 42496K, 7% used [0x00000000c3600000,0x00000000c394ce30,0x00000000c5f80000)
 Metaspace       used 13860K, capacity 14294K, committed 14464K, reserved 1062912K
  class space    used 1694K, capacity 1815K, committed 1920K, reserved 1048576K
Event: 12.565 GC heap after
Heap after GC invocations=3 (full 0):
 PSYoungGen      total 18432K, used 2558K [0x00000000ebd00000, 0x00000000ed180000, 0x0000000100000000)
  eden space 15872K, 0% used [0x00000000ebd00000,0x00000000ebd00000,0x00000000ecc80000)
  from space 2560K, 99% used [0x00000000ecc80000,0x00000000eceffa28,0x00000000ecf00000)
  to   space 2560K, 0% used [0x00000000ecf00000,0x00000000ecf00000,0x00000000ed180000)
 ParOldGen       total 42496K, used 5195K [0x00000000c3600000, 0x00000000c5f80000, 0x00000000ebd00000)
  object space 42496K, 12% used [0x00000000c3600000,0x00000000c3b12fc0,0x00000000c5f80000)
 Metaspace       used 13860K, capacity 14294K, committed 14464K, reserved 1062912K
  class space    used 1694K, capacity 1815K, committed 1920K, reserved 1048576K
}
Event: 16.724 GC heap before
{Heap before GC invocations=4 (full 0):
 PSYoungGen      total 18432K, used 18430K [0x00000000ebd00000, 0x00000000ed180000, 0x0000000100000000)
  eden space 15872K, 100% used [0x00000000ebd00000,0x00000000ecc80000,0x00000000ecc80000)
  from space 2560K, 99% used [0x00000000ecc80000,0x00000000eceffa28,0x00000000ecf00000)
  to   space 2560K, 0% used [0x00000000ecf00000,0x00000000ecf00000,0x00000000ed180000)
 ParOldGen       total 42496K, used 5195K [0x00000000c3600000, 0x00000000c5f80000, 0x00000000ebd00000)
  object space 42496K, 12% used [0x00000000c3600000,0x00000000c3b12fc0,0x00000000c5f80000)
 Metaspace       used 16567K, capacity 17056K, committed 17280K, reserved 1064960K
  class space    used 1999K, capacity 2152K, committed 2176K, reserved 1048576K
Event: 16.743 GC heap after
Heap after GC invocations=4 (full 0):
 PSYoungGen      total 18432K, used 2542K [0x00000000ebd00000, 0x00000000ed180000, 0x0000000100000000)
  eden space 15872K, 0% used [0x00000000ebd00000,0x00000000ebd00000,0x00000000ecc80000)
  from space 2560K, 99% used [0x00000000ecf00000,0x00000000ed17ba18,0x00000000ed180000)
  to   space 2560K, 0% used [0x00000000ecc80000,0x00000000ecc80000,0x00000000ecf00000)
 ParOldGen       total 42496K, used 7800K [0x00000000c3600000, 0x00000000c5f80000, 0x00000000ebd00000)
  object space 42496K, 18% used [0x00000000c3600000,0x00000000c3d9e1e8,0x00000000c5f80000)
 Metaspace       used 16567K, capacity 17056K, committed 17280K, reserved 1064960K
  class space    used 1999K, capacity 2152K, committed 2176K, reserved 1048576K
}
Event: 18.777 GC heap before
{Heap before GC invocations=5 (full 0):
 PSYoungGen      total 18432K, used 18414K [0x00000000ebd00000, 0x00000000ed180000, 0x0000000100000000)
  eden space 15872K, 100% used [0x00000000ebd00000,0x00000000ecc80000,0x00000000ecc80000)
  from space 2560K, 99% used [0x00000000ecf00000,0x00000000ed17ba18,0x00000000ed180000)
  to   space 2560K, 0% used [0x00000000ecc80000,0x00000000ecc80000,0x00000000ecf00000)
 ParOldGen       total 42496K, used 7800K [0x00000000c3600000, 0x00000000c5f80000, 0x00000000ebd00000)
  object space 42496K, 18% used [0x00000000c3600000,0x00000000c3d9e1e8,0x00000000c5f80000)
 Metaspace       used 19112K, capacity 19892K, committed 20096K, reserved 1067008K
  class space    used 2360K, capacity 2564K, committed 2688K, reserved 1048576K
Event: 18.791 GC heap after
Heap after GC invocations=5 (full 0):
 PSYoungGen      total 18432K, used 2558K [0x00000000ebd00000, 0x00000000ed880000, 0x0000000100000000)
  eden space 15872K, 0% used [0x00000000ebd00000,0x00000000ebd00000,0x00000000ecc80000)
  from space 2560K, 99% used [0x00000000ecc80000,0x00000000eceffa18,0x00000000ecf00000)
  to   space 6144K, 0% used [0x00000000ed280000,0x00000000ed280000,0x00000000ed880000)
 ParOldGen       total 42496K, used 10145K [0x00000000c3600000, 0x00000000c5f80000, 0x00000000ebd00000)
  object space 42496K, 23% used [0x00000000c3600000,0x00000000c3fe8700,0x00000000c5f80000)
 Metaspace       used 19112K, capacity 19892K, committed 20096K, reserved 1067008K
  class space    used 2360K, capacity 2564K, committed 2688K, reserved 1048576K
}
Event: 19.189 GC heap before
{Heap before GC invocations=6 (full 0):
 PSYoungGen      total 18432K, used 10472K [0x00000000ebd00000, 0x00000000ed880000, 0x0000000100000000)
  eden space 15872K, 49% used [0x00000000ebd00000,0x00000000ec4ba718,0x00000000ecc80000)
  from space 2560K, 99% used [0x00000000ecc80000,0x00000000eceffa18,0x00000000ecf00000)
  to   space 6144K, 0% used [0x00000000ed280000,0x00000000ed280000,0x00000000ed880000)
 ParOldGen       total 42496K, used 10145K [0x00000000c3600000, 0x00000000c5f80000, 0x00000000ebd00000)
  object space 42496K, 23% used [0x00000000c3600000,0x00000000c3fe8700,0x00000000c5f80000)
 Metaspace       used 20272K, capacity 21180K, committed 21248K, reserved 1067008K
  class space    used 2541K, capacity 2780K, committed 2816K, reserved 1048576K
Event: 19.241 GC heap after
Heap after GC invocations=6 (full 0):
 PSYoungGen      total 22016K, used 3542K [0x00000000ebd00000, 0x00000000ed880000, 0x0000000100000000)
  eden space 15872K, 0% used [0x00000000ebd00000,0x00000000ebd00000,0x00000000ecc80000)
  from space 6144K, 57% used [0x00000000ed280000,0x00000000ed5f5ad0,0x00000000ed880000)
  to   space 2560K, 0% used [0x00000000ecc80000,0x00000000ecc80000,0x00000000ecf00000)
 ParOldGen       total 42496K, used 10153K [0x00000000c3600000, 0x00000000c5f80000, 0x00000000ebd00000)
  object space 42496K, 23% used [0x00000000c3600000,0x00000000c3fea700,0x00000000c5f80000)
 Metaspace       used 20272K, capacity 21180K, committed 21248K, reserved 1067008K
  class space    used 2541K, capacity 2780K, committed 2816K, reserved 1048576K
}
Event: 19.242 GC heap before
{Heap before GC invocations=7 (full 1):
 PSYoungGen      total 22016K, used 3542K [0x00000000ebd00000, 0x00000000ed880000, 0x0000000100000000)
  eden space 15872K, 0% used [0x00000000ebd00000,0x00000000ebd00000,0x00000000ecc80000)
  from space 6144K, 57% used [0x00000000ed280000,0x00000000ed5f5ad0,0x00000000ed880000)
  to   space 2560K, 0% used [0x00000000ecc80000,0x00000000ecc80000,0x00000000ecf00000)
 ParOldGen       total 42496K, used 10153K [0x00000000c3600000, 0x00000000c5f80000, 0x00000000ebd00000)
  object space 42496K, 23% used [0x00000000c3600000,0x00000000c3fea700,0x00000000c5f80000)
 Metaspace       used 20272K, capacity 21180K, committed 21248K, reserved 1067008K
  class space    used 2541K, capacity 2780K, committed 2816K, reserved 1048576K
Event: 19.448 GC heap after
Heap after GC invocations=7 (full 1):
 PSYoungGen      total 22016K, used 0K [0x00000000ebd00000, 0x00000000ed880000, 0x0000000100000000)
  eden space 15872K, 0% used [0x00000000ebd00000,0x00000000ebd00000,0x00000000ecc80000)
  from space 6144K, 0% used [0x00000000ed280000,0x00000000ed280000,0x00000000ed880000)
  to   space 2560K, 0% used [0x00000000ecc80000,0x00000000ecc80000,0x00000000ecf00000)
 ParOldGen       total 31744K, used 8048K [0x00000000c3600000, 0x00000000c5500000, 0x00000000ebd00000)
  object space 31744K, 25% used [0x00000000c3600000,0x00000000c3ddc3e0,0x00000000c5500000)
 Metaspace       used 20272K, capacity 21180K, committed 21248K, reserved 1067008K
  class space    used 2541K, capacity 2780K, committed 2816K, reserved 1048576K
}

