# JRE version: Java(TM) SE Runtime Environment (8.0_141-b15) (build 1.8.0_141-b15)
# Java VM: Java HotSpot(TM) 64-Bit Server VM (25.141-b15 mixed mode windows-amd64 compressed oops)
Heap:
 PSYoungGen      total 36864K, used 9170K [0x00000000ebd00000, 0x00000000ee600000, 0x0000000100000000)
  eden space 31744K, 18% used [0x00000000ebd00000,0x00000000ec2c0b80,0x00000000edc00000)
  from space 5120K, 64% used [0x00000000ee100000,0x00000000ee433cf0,0x00000000ee600000)
  to   space 5120K, 0% used [0x00000000edc00000,0x00000000edc00000,0x00000000ee100000)
 ParOldGen       total 42496K, used 6915K [0x00000000c3600000, 0x00000000c5f80000, 0x00000000ebd00000)
  object space 42496K, 16% used [0x00000000c3600000,0x00000000c3cc0e40,0x00000000c5f80000)
 Metaspace       used 15796K, capacity 16314K, committed 16384K, reserved 1062912K
  class space    used 1854K, capacity 2025K, committed 2048K, reserved 1048576K
GC Heap History (10 events):
Event: 1.637 GC heap before
{Heap before GC invocations=2 (full 0):
 PSYoungGen      total 18432K, used 18403K [0x00000000ebd00000, 0x00000000ed180000, 0x0000000100000000)
  eden space 15872K, 99% used [0x00000000ebd00000,0x00000000ecc7ee50,0x00000000ecc80000)
  from space 2560K, 99% used [0x00000000ecc80000,0x00000000ecef9df0,0x00000000ecf00000)
  to   space 2560K, 0% used [0x00000000ecf00000,0x00000000ecf00000,0x00000000ed180000)
 ParOldGen       total 42496K, used 930K [0x00000000c3600000, 0x00000000c5f80000, 0x00000000ebd00000)
  object space 42496K, 2% used [0x00000000c3600000,0x00000000c36e8ae8,0x00000000c5f80000)
 Metaspace       used 11588K, capacity 11960K, committed 12032K, reserved 1060864K
  class space    used 1367K, capacity 1468K, committed 1536K, reserved 1048576K
Event: 1.641 GC heap after
Heap after GC invocations=2 (full 0):
 PSYoungGen      total 18432K, used 2557K [0x00000000ebd00000, 0x00000000ed180000, 0x0000000100000000)
  eden space 15872K, 0% used [0x00000000ebd00000,0x00000000ebd00000,0x00000000ecc80000)
  from space 2560K, 99% used [0x00000000ecf00000,0x00000000ed17f588,0x00000000ed180000)
  to   space 2560K, 0% used [0x00000000ecc80000,0x00000000ecc80000,0x00000000ecf00000)
 ParOldGen       total 42496K, used 2909K [0x00000000c3600000, 0x00000000c5f80000, 0x00000000ebd00000)
  object space 42496K, 6% used [0x00000000c3600000,0x00000000c38d7518,0x00000000c5f80000)
 Metaspace       used 11588K, capacity 11960K, committed 12032K, reserved 1060864K
  class space    used 1367K, capacity 1468K, committed 1536K, reserved 1048576K
}
Event: 2.061 GC heap before
{Heap before GC invocations=3 (full 0):
 PSYoungGen      total 18432K, used 18429K [0x00000000ebd00000, 0x00000000ed180000, 0x0000000100000000)
  eden space 15872K, 100% used [0x00000000ebd00000,0x00000000ecc80000,0x00000000ecc80000)
  from space 2560K, 99% used [0x00000000ecf00000,0x00000000ed17f588,0x00000000ed180000)
  to   space 2560K, 0% used [0x00000000ecc80000,0x00000000ecc80000,0x00000000ecf00000)
 ParOldGen       total 42496K, used 2909K [0x00000000c3600000, 0x00000000c5f80000, 0x00000000ebd00000)
  object space 42496K, 6% used [0x00000000c3600000,0x00000000c38d7518,0x00000000c5f80000)
 Metaspace       used 13662K, capacity 14078K, committed 14336K, reserved 1062912K
  class space    used 1604K, capacity 1741K, committed 1792K, reserved 1048576K
Event: 2.065 GC heap after
Heap after GC invocations=3 (full 0):
 PSYoungGen      total 18432K, used 2542K [0x00000000ebd00000, 0x00000000ed180000, 0x0000000100000000)
  eden space 15872K, 0% used [0x00000000ebd00000,0x00000000ebd00000,0x00000000ecc80000)
  from space 2560K, 99% used [0x00000000ecc80000,0x00000000ecefb9e8,0x00000000ecf00000)
  to   space 2560K, 0% used [0x00000000ecf00000,0x00000000ecf00000,0x00000000ed180000)
 ParOldGen       total 42496K, used 4619K [0x00000000c3600000, 0x00000000c5f80000, 0x00000000ebd00000)
  object space 42496K, 10% used [0x00000000c3600000,0x00000000c3a82ed0,0x00000000c5f80000)
 Metaspace       used 13662K, capacity 14078K, committed 14336K, reserved 1062912K
  class space    used 1604K, capacity 1741K, committed 1792K, reserved 1048576K
}
Event: 2.167 GC heap before
{Heap before GC invocations=4 (full 0):
 PSYoungGen      total 18432K, used 18414K [0x00000000ebd00000, 0x00000000ed180000, 0x0000000100000000)
  eden space 15872K, 100% used [0x00000000ebd00000,0x00000000ecc80000,0x00000000ecc80000)
  from space 2560K, 99% used [0x00000000ecc80000,0x00000000ecefb9e8,0x00000000ecf00000)
  to   space 2560K, 0% used [0x00000000ecf00000,0x00000000ecf00000,0x00000000ed180000)
 ParOldGen       total 42496K, used 4619K [0x00000000c3600000, 0x00000000c5f80000, 0x00000000ebd00000)
  object space 42496K, 10% used [0x00000000c3600000,0x00000000c3a82ed0,0x00000000c5f80000)
 Metaspace       used 14112K, capacity 14564K, committed 14720K, reserved 1062912K
  class space    used 1677K, capacity 1838K, committed 1920K, reserved 1048576K
Event: 2.171 GC heap after
Heap after GC invocations=4 (full 0):
 PSYoungGen      total 18432K, used 2542K [0x00000000ebd00000, 0x00000000ee100000, 0x0000000100000000)
  eden space 15872K, 0% used [0x00000000ebd00000,0x00000000ebd00000,0x00000000ecc80000)
  from space 2560K, 99% used [0x00000000ecf00000,0x00000000ed17b9e8,0x00000000ed180000)
  to   space 2560K, 0% used [0x00000000ecc80000,0x00000000ecc80000,0x00000000ecf00000)
 ParOldGen       total 42496K, used 5171K [0x00000000c3600000, 0x00000000c5f80000, 0x00000000ebd00000)
  object space 42496K, 12% used [0x00000000c3600000,0x00000000c3b0cf58,0x00000000c5f80000)
 Metaspace       used 14112K, capacity 14564K, committed 14720K, reserved 1062912K
  class space    used 1677K, capacity 1838K, committed 1920K, reserved 1048576K
}
Event: 2.337 GC heap before
{Heap before GC invocations=5 (full 0):
 PSYoungGen      total 18432K, used 18414K [0x00000000ebd00000, 0x00000000ee100000, 0x0000000100000000)
  eden space 15872K, 100% used [0x00000000ebd00000,0x00000000ecc80000,0x00000000ecc80000)
  from space 2560K, 99% used [0x00000000ecf00000,0x00000000ed17b9e8,0x00000000ed180000)
  to   space 2560K, 0% used [0x00000000ecc80000,0x00000000ecc80000,0x00000000ecf00000)
 ParOldGen       total 42496K, used 5171K [0x00000000c3600000, 0x00000000c5f80000, 0x00000000ebd00000)
  object space 42496K, 12% used [0x00000000c3600000,0x00000000c3b0cf58,0x00000000c5f80000)
 Metaspace       used 14822K, capacity 15290K, committed 15488K, reserved 1062912K
  class space    used 1743K, capacity 1907K, committed 1920K, reserved 1048576K
Event: 2.342 GC heap after
Heap after GC invocations=5 (full 0):
 PSYoungGen      total 18432K, used 2558K [0x00000000ebd00000, 0x00000000ee600000, 0x0000000100000000)
  eden space 15872K, 0% used [0x00000000ebd00000,0x00000000ebd00000,0x00000000ecc80000)
  from space 2560K, 99% used [0x00000000ecc80000,0x00000000eceffa08,0x00000000ecf00000)
  to   space 5120K, 0% used [0x00000000ee100000,0x00000000ee100000,0x00000000ee600000)
 ParOldGen       total 42496K, used 6907K [0x00000000c3600000, 0x00000000c5f80000, 0x00000000ebd00000)
  object space 42496K, 16% used [0x00000000c3600000,0x00000000c3cbee40,0x00000000c5f80000)
 Metaspace       used 14822K, capacity 15290K, committed 15488K, reserved 1062912K
  class space    used 1743K, capacity 1907K, committed 1920K, reserved 1048576K
}
Event: 130.997 GC heap before
{Heap before GC invocations=6 (full 0):
 PSYoungGen      total 18432K, used 18430K [0x00000000ebd00000, 0x00000000ee600000, 0x0000000100000000)
  eden space 15872K, 100% used [0x00000000ebd00000,0x00000000ecc80000,0x00000000ecc80000)
  from space 2560K, 99% used [0x00000000ecc80000,0x00000000eceffa08,0x00000000ecf00000)
  to   space 5120K, 0% used [0x00000000ee100000,0x00000000ee100000,0x00000000ee600000)
 ParOldGen       total 42496K, used 6907K [0x00000000c3600000, 0x00000000c5f80000, 0x00000000ebd00000)
  object space 42496K, 16% used [0x00000000c3600000,0x00000000c3cbee40,0x00000000c5f80000)
 Metaspace       used 15711K, capacity 16202K, committed 16384K, reserved 1062912K
  class space    used 1846K, capacity 1989K, committed 2048K, reserved 1048576K
Event: 131.062 GC heap after
Heap after GC invocations=6 (full 0):
 PSYoungGen      total 36864K, used 3279K [0x00000000ebd00000, 0x00000000ee600000, 0x0000000100000000)
  eden space 31744K, 0% used [0x00000000ebd00000,0x00000000ebd00000,0x00000000edc00000)
  from space 5120K, 64% used [0x00000000ee100000,0x00000000ee433cf0,0x00000000ee600000)
  to   space 5120K, 0% used [0x00000000edc00000,0x00000000edc00000,0x00000000ee100000)
 ParOldGen       total 42496K, used 6915K [0x00000000c3600000, 0x00000000c5f80000, 0x00000000ebd00000)
  object space 42496K, 16% used [0x00000000c3600000,0x00000000c3cc0e40,0x00000000c5f80000)
 Metaspace       used 15711K, capacity 16202K, committed 16384K, reserved 1062912K
  class space    used 1846K, capacity 1989K, committed 2048K, reserved 1048576K
}

