<?xml version="1.0" encoding="UTF-8"?>
<!-- Generated by org.testng.reporters.JUnitXMLReporter -->
<testsuite hostname="LAPTOP-ENTNF9ES" ignored="0" name="test" tests="3" failures="0" timestamp="2023-03-26T18:01:43 IST" time="4.13" errors="0">
  <testcase name="test12" time="0.008" classname="maven.big.test.Parallel1"/>
  <testcase name="test11" time="0.019" classname="maven.big.test.Parallel1"/>
  <testcase name="test13" time="0.022" classname="maven.big.test.Parallel1"/>
</testsuite> <!-- test -->
